Vivado Simulator 2017.4
Copyright 1986-1999, 2001-2016 Xilinx, Inc. All Rights Reserved.
Running: D:/Vivado/2017.4/bin/unwrapped/win64.o/xelab.exe -wto 4a7f10198e834644895bd75313eeb42b --incr --debug typical --relax --mt 2 -L xil_defaultlib -L unisims_ver -L unimacro_ver -L secureip --snapshot TrafficLights_sim_behav xil_defaultlib.TrafficLights_sim xil_defaultlib.glbl -log elaborate.log 
Using 2 slave threads.
WARNING: [XSIM 43-3431] One or more environment variables have been detected which affect the operation of the C compiler. These are typically not set in standard installations and are not tested by Xilinx, however they may be appropriate for your system, so the flow will attempt to continue.  If errors occur, try running fuse with the "-mt off -v 1" switches to see more information from the C compiler. The following environment variables have been detected:
Starting static elaboration
Completed static elaboration
Starting simulation data flow analysis
Completed simulation data flow analysis
Time Resolution for simulation is 1ps
Compiling module xil_defaultlib.StateDecoder
Compiling module xil_defaultlib.dff
Compiling module xil_defaultlib.SequentialLogic
Compiling module xil_defaultlib.TimerCircuit1
Compiling module xil_defaultlib.TimerCircuit2
Compiling module xil_defaultlib.TimerCircuit3
Compiling module xil_defaultlib.TimerCircuits
Compiling module xil_defaultlib.FreqDivide
Compiling module xil_defaultlib.TriggerLogic
Compiling module xil_defaultlib.LightOutputLogic
Compiling module xil_defaultlib.TrafficLights
Compiling module xil_defaultlib.TrafficLights_sim
Compiling module xil_defaultlib.glbl
Built simulation snapshot TrafficLights_sim_behav
