Vivado Simulator 2017.4
Copyright 1986-1999, 2001-2016 Xilinx, Inc. All Rights Reserved.
Running: D:/Vivado/2017.4/bin/unwrapped/win64.o/xelab.exe -wto 4a7f10198e834644895bd75313eeb42b --incr --debug typical --relax --mt 2 -L xil_defaultlib -L unisims_ver -L secureip --snapshot TrafficLights_sim_func_synth xil_defaultlib.TrafficLights_sim xil_defaultlib.glbl -log elaborate.log 
Using 2 slave threads.
WARNING: [XSIM 43-3431] One or more environment variables have been detected which affect the operation of the C compiler. These are typically not set in standard installations and are not tested by Xilinx, however they may be appropriate for your system, so the flow will attempt to continue.  If errors occur, try running fuse with the "-mt off -v 1" switches to see more information from the C compiler. The following environment variables have been detected:
Starting static elaboration
Completed static elaboration
Starting simulation data flow analysis
Completed simulation data flow analysis
Time Resolution for simulation is 1ps
Compiling module unisims_ver.x_lut3_mux8
Compiling module unisims_ver.LUT3
Compiling module unisims_ver.x_lut2_mux4
Compiling module unisims_ver.LUT2
Compiling module unisims_ver.BUFG
Compiling module unisims_ver.IBUF
Compiling module unisims_ver.x_lut1_mux2
Compiling module unisims_ver.LUT1
Compiling module unisims_ver.CARRY4
Compiling module unisims_ver.FDRE_default
Compiling module unisims_ver.OBUF
Compiling module unisims_ver.LUT5
Compiling module unisims_ver.LUT4
Compiling module xil_defaultlib.TrafficLights
Compiling module xil_defaultlib.TrafficLights_sim
Compiling module xil_defaultlib.glbl
Built simulation snapshot TrafficLights_sim_func_synth
